<?xml version="1.0" encoding="UTF-8"?>
<!-- Generated by org.testng.reporters.JUnitReportReporter -->
<testsuite hostname="USER" failures="0" tests="4" name="api.test.UserTests" time="9.136" errors="0" timestamp="2023-08-19T17:09:26 IST" skipped="0">
  <testcase classname="api.test.UserTests" name="testPostUser" time="4.085"/>
  <system-out/>
  <testcase classname="api.test.UserTests" name="testGetUser" time="1.300"/>
  <system-out/>
  <testcase classname="api.test.UserTests" name="testUpdateUser" time="2.515"/>
  <system-out/>
  <testcase classname="api.test.UserTests" name="testdeleteUser" time="1.236"/>
  <system-out/>
</testsuite> <!-- api.test.UserTests -->
