<?xml version="1.0" encoding="UTF-8"?>
<!-- Generated by org.testng.reporters.JUnitReportReporter -->
<testsuite hostname="USER" failures="0" tests="4" name="api.test.UserTests2" time="12.104" errors="0" timestamp="2023-08-19T17:28:06 IST" skipped="0">
  <testcase classname="api.test.UserTests2" name="testPostUser" time="5.016"/>
  <system-out/>
  <testcase classname="api.test.UserTests2" name="testGetUser" time="1.222"/>
  <system-out/>
  <testcase classname="api.test.UserTests2" name="testUpdateUser" time="2.474"/>
  <system-out/>
  <testcase classname="api.test.UserTests2" name="testdeleteUser" time="3.392"/>
  <system-out/>
</testsuite> <!-- api.test.UserTests2 -->
