<?xml version="1.0" encoding="UTF-8"?>
<!-- Generated by org.testng.reporters.JUnitReportReporter -->
<testsuite hostname="USER" failures="0" tests="6" name="api.test.DataDrivenTestsUserModule" time="7.364" errors="0" timestamp="2023-08-19T17:09:26 IST" skipped="0">
  <testcase classname="api.test.DataDrivenTestsUserModule" name="testPostUser" time="1.259"/>
  <system-out/>
  <testcase classname="api.test.DataDrivenTestsUserModule" name="testPostUser" time="1.221"/>
  <system-out/>
  <testcase classname="api.test.DataDrivenTestsUserModule" name="testPostUser" time="1.267"/>
  <system-out/>
  <testcase classname="api.test.DataDrivenTestsUserModule" name="testDeleteUserByName" time="1.174"/>
  <system-out/>
  <testcase classname="api.test.DataDrivenTestsUserModule" name="testDeleteUserByName" time="1.225"/>
  <system-out/>
  <testcase classname="api.test.DataDrivenTestsUserModule" name="testDeleteUserByName" time="1.218"/>
  <system-out/>
</testsuite> <!-- api.test.DataDrivenTestsUserModule -->
