<?xml version="1.0" encoding="UTF-8"?>
<!-- Generated by org.testng.reporters.JUnitReportReporter -->
<testsuite hostname="USER" failures="0" tests="1" name="api.utilities.DataProviders" time="1.840" errors="0" timestamp="2023-08-19T15:46:09 IST" skipped="0">
  <testcase classname="api.utilities.DataProviders" name="getAlldata" time="1.840"/>
  <system-out/>
</testsuite> <!-- api.utilities.DataProviders -->
