<?xml version="1.0" encoding="UTF-8"?>
<!-- Generated by org.testng.reporters.JUnitReportReporter -->
<testsuite hostname="USER" failures="0" tests="4" name="api.test.UserTests2" time="9.204" errors="0" timestamp="2023-08-19T17:43:17 IST" skipped="0">
  <testcase classname="api.test.UserTests2" name="testPostUser" time="4.171"/>
  <system-out/>
  <testcase classname="api.test.UserTests2" name="testGetUser" time="1.242"/>
  <system-out/>
  <testcase classname="api.test.UserTests2" name="testUpdateUser" time="2.590"/>
  <system-out/>
  <testcase classname="api.test.UserTests2" name="testdeleteUser" time="1.201"/>
  <system-out/>
</testsuite> <!-- api.test.UserTests2 -->
